<?xml version="1.0" encoding="UTF-8"?>
<testng-results ignored="0" total="1" passed="1" failed="0" skipped="0">
  <reporter-output>
  </reporter-output>
  <suite started-at="2024-12-06T10:29:43 IST" name="Default suite" finished-at="2024-12-06T10:29:43 IST" duration-ms="71">
    <groups>
    </groups>
    <test started-at="2024-12-06T10:29:43 IST" name="Default test" finished-at="2024-12-06T10:29:43 IST" duration-ms="71">
      <class name="testNG.NewTest">
        <test-method signature="f()[pri:0, instance:testNG.NewTest@dd8ba08]" started-at="2024-12-06T10:29:43 IST" name="f" finished-at="2024-12-06T10:29:43 IST" duration-ms="18" status="PASS">
          <reporter-output>
          </reporter-output>
        </test-method> <!-- f -->
      </class> <!-- testNG.NewTest -->
    </test> <!-- Default test -->
  </suite> <!-- Default suite -->
</testng-results>
